{"C:\\Users\\User\\web-projects\\AltSchool-Assignment-I\\src\\app.js": {"path":"C:\\Users\\User\\web-projects\\AltSchool-Assignment-I\\src\\app.js","statementMap":{"0":{"start":{"line":1,"column":16},"end":{"line":1,"column":34}},"1":{"start":{"line":2,"column":12},"end":{"line":2,"column":21}},"2":{"start":{"line":3,"column":19},"end":{"line":3,"column":44}},"3":{"start":{"line":4,"column":19},"end":{"line":4,"column":44}},"4":{"start":{"line":10,"column":0},"end":{"line":10,"column":30}},"5":{"start":{"line":11,"column":0},"end":{"line":11,"column":30}},"6":{"start":{"line":13,"column":0},"end":{"line":15,"column":3}},"7":{"start":{"line":14,"column":4},"end":{"line":14,"column":26}},"8":{"start":{"line":18,"column":0},"end":{"line":20,"column":3}},"9":{"start":{"line":19,"column":4},"end":{"line":19,"column":31}},"10":{"start":{"line":26,"column":13},"end":{"line":26,"column":37}},"11":{"start":{"line":27,"column":0},"end":{"line":27,"column":112}},"12":{"start":{"line":27,"column":23},"end":{"line":27,"column":110}},"13":{"start":{"line":30,"column":0},"end":{"line":30,"column":21}}},"fnMap":{"0":{"name":"(anonymous_0)","decl":{"start":{"line":13,"column":13},"end":{"line":13,"column":14}},"loc":{"start":{"line":13,"column":27},"end":{"line":15,"column":1}},"line":13},"1":{"name":"(anonymous_1)","decl":{"start":{"line":18,"column":13},"end":{"line":18,"column":14}},"loc":{"start":{"line":18,"column":27},"end":{"line":20,"column":1}},"line":18},"2":{"name":"(anonymous_2)","decl":{"start":{"line":27,"column":17},"end":{"line":27,"column":18}},"loc":{"start":{"line":27,"column":23},"end":{"line":27,"column":110}},"line":27}},"branchMap":{"0":{"loc":{"start":{"line":26,"column":13},"end":{"line":26,"column":37}},"type":"binary-expr","locations":[{"start":{"line":26,"column":13},"end":{"line":26,"column":29}},{"start":{"line":26,"column":33},"end":{"line":26,"column":37}}],"line":26}},"s":{"0":1,"1":1,"2":1,"3":1,"4":1,"5":1,"6":1,"7":0,"8":1,"9":0,"10":1,"11":1,"12":1,"13":1},"f":{"0":0,"1":0,"2":1},"b":{"0":[1,1]},"_coverageSchema":"1a1c01bbd47fc00a2c39e90264f33305004495a9","hash":"fce0a9a704409683bc9c6f8825402d1757050460"}
,"C:\\Users\\User\\web-projects\\AltSchool-Assignment-I\\src\\auth.js": {"path":"C:\\Users\\User\\web-projects\\AltSchool-Assignment-I\\src\\auth.js","statementMap":{"0":{"start":{"line":2,"column":38},"end":{"line":2,"column":60}},"1":{"start":{"line":7,"column":20},"end":{"line":7,"column":92}},"2":{"start":{"line":11,"column":25},"end":{"line":11,"column":33}},"3":{"start":{"line":13,"column":21},"end":{"line":13,"column":26}},"4":{"start":{"line":14,"column":4},"end":{"line":16,"column":5}},"5":{"start":{"line":15,"column":8},"end":{"line":15,"column":52}},"6":{"start":{"line":17,"column":18},"end":{"line":17,"column":53}},"7":{"start":{"line":18,"column":23},"end":{"line":18,"column":40}},"8":{"start":{"line":19,"column":22},"end":{"line":19,"column":86}},"9":{"start":{"line":19,"column":46},"end":{"line":19,"column":85}},"10":{"start":{"line":20,"column":4},"end":{"line":22,"column":5}},"11":{"start":{"line":21,"column":8},"end":{"line":21,"column":56}},"12":{"start":{"line":24,"column":4},"end":{"line":26,"column":5}},"13":{"start":{"line":25,"column":8},"end":{"line":25,"column":47}},"14":{"start":{"line":28,"column":4},"end":{"line":31,"column":5}},"15":{"start":{"line":29,"column":8},"end":{"line":29,"column":26}},"16":{"start":{"line":30,"column":8},"end":{"line":30,"column":25}},"17":{"start":{"line":38,"column":0},"end":{"line":40,"column":1}}},"fnMap":{"0":{"name":"auth","decl":{"start":{"line":10,"column":15},"end":{"line":10,"column":19}},"loc":{"start":{"line":10,"column":43},"end":{"line":33,"column":1}},"line":10},"1":{"name":"(anonymous_1)","decl":{"start":{"line":19,"column":38},"end":{"line":19,"column":39}},"loc":{"start":{"line":19,"column":46},"end":{"line":19,"column":85}},"line":19}},"branchMap":{"0":{"loc":{"start":{"line":14,"column":4},"end":{"line":16,"column":5}},"type":"if","locations":[{"start":{"line":14,"column":4},"end":{"line":16,"column":5}},{"start":{},"end":{}}],"line":14},"1":{"loc":{"start":{"line":20,"column":4},"end":{"line":22,"column":5}},"type":"if","locations":[{"start":{"line":20,"column":4},"end":{"line":22,"column":5}},{"start":{},"end":{}}],"line":20},"2":{"loc":{"start":{"line":24,"column":4},"end":{"line":26,"column":5}},"type":"if","locations":[{"start":{"line":24,"column":4},"end":{"line":26,"column":5}},{"start":{},"end":{}}],"line":24},"3":{"loc":{"start":{"line":28,"column":4},"end":{"line":31,"column":5}},"type":"if","locations":[{"start":{"line":28,"column":4},"end":{"line":31,"column":5}},{"start":{},"end":{}}],"line":28}},"s":{"0":1,"1":1,"2":0,"3":0,"4":0,"5":0,"6":0,"7":0,"8":0,"9":0,"10":0,"11":0,"12":0,"13":0,"14":0,"15":0,"16":0,"17":1},"f":{"0":0,"1":0},"b":{"0":[0,0],"1":[0,0],"2":[0,0],"3":[0,0]},"_coverageSchema":"1a1c01bbd47fc00a2c39e90264f33305004495a9","hash":"50650ec9334ce036116e7b82f1d663b53f63b0cc"}
,"C:\\Users\\User\\web-projects\\AltSchool-Assignment-I\\src\\utilities.js": {"path":"C:\\Users\\User\\web-projects\\AltSchool-Assignment-I\\src\\utilities.js","statementMap":{"0":{"start":{"line":1,"column":13},"end":{"line":1,"column":28}},"1":{"start":{"line":2,"column":11},"end":{"line":2,"column":24}},"2":{"start":{"line":8,"column":4},"end":{"line":15,"column":7}},"3":{"start":{"line":9,"column":8},"end":{"line":14,"column":11}},"4":{"start":{"line":10,"column":12},"end":{"line":12,"column":13}},"5":{"start":{"line":11,"column":16},"end":{"line":11,"column":35}},"6":{"start":{"line":13,"column":12},"end":{"line":13,"column":26}},"7":{"start":{"line":21,"column":4},"end":{"line":25,"column":7}},"8":{"start":{"line":22,"column":8},"end":{"line":24,"column":9}},"9":{"start":{"line":23,"column":12},"end":{"line":23,"column":31}},"10":{"start":{"line":30,"column":19},"end":{"line":30,"column":32}},"11":{"start":{"line":32,"column":4},"end":{"line":36,"column":5}},"12":{"start":{"line":33,"column":8},"end":{"line":35,"column":9}},"13":{"start":{"line":34,"column":12},"end":{"line":34,"column":65}},"14":{"start":{"line":38,"column":4},"end":{"line":40,"column":5}},"15":{"start":{"line":39,"column":8},"end":{"line":39,"column":44}},"16":{"start":{"line":41,"column":4},"end":{"line":41,"column":20}},"17":{"start":{"line":47,"column":0},"end":{"line":51,"column":1}}},"fnMap":{"0":{"name":"returnAllRecords","decl":{"start":{"line":7,"column":9},"end":{"line":7,"column":25}},"loc":{"start":{"line":7,"column":39},"end":{"line":16,"column":1}},"line":7},"1":{"name":"(anonymous_1)","decl":{"start":{"line":8,"column":23},"end":{"line":8,"column":24}},"loc":{"start":{"line":8,"column":44},"end":{"line":15,"column":5}},"line":8},"2":{"name":"(anonymous_2)","decl":{"start":{"line":9,"column":41},"end":{"line":9,"column":42}},"loc":{"start":{"line":9,"column":58},"end":{"line":14,"column":9}},"line":9},"3":{"name":"writeToFile","decl":{"start":{"line":20,"column":9},"end":{"line":20,"column":20}},"loc":{"start":{"line":20,"column":40},"end":{"line":26,"column":1}},"line":20},"4":{"name":"(anonymous_4)","decl":{"start":{"line":21,"column":36},"end":{"line":21,"column":37}},"loc":{"start":{"line":21,"column":47},"end":{"line":25,"column":5}},"line":21},"5":{"name":"getPath","decl":{"start":{"line":29,"column":9},"end":{"line":29,"column":16}},"loc":{"start":{"line":29,"column":51},"end":{"line":42,"column":1}},"line":29}},"branchMap":{"0":{"loc":{"start":{"line":10,"column":12},"end":{"line":12,"column":13}},"type":"if","locations":[{"start":{"line":10,"column":12},"end":{"line":12,"column":13}},{"start":{},"end":{}}],"line":10},"1":{"loc":{"start":{"line":22,"column":8},"end":{"line":24,"column":9}},"type":"if","locations":[{"start":{"line":22,"column":8},"end":{"line":24,"column":9}},{"start":{},"end":{}}],"line":22},"2":{"loc":{"start":{"line":32,"column":4},"end":{"line":36,"column":5}},"type":"if","locations":[{"start":{"line":32,"column":4},"end":{"line":36,"column":5}},{"start":{},"end":{}}],"line":32}},"s":{"0":1,"1":1,"2":10,"3":10,"4":10,"5":0,"6":10,"7":0,"8":0,"9":0,"10":3,"11":3,"12":3,"13":4,"14":3,"15":11,"16":3,"17":1},"f":{"0":10,"1":10,"2":10,"3":0,"4":0,"5":3},"b":{"0":[0,10],"1":[0,0],"2":[3,0]},"_coverageSchema":"1a1c01bbd47fc00a2c39e90264f33305004495a9","hash":"29122fdb6ee255ee02fd76a90aef8a7696d4c6b8"}
,"C:\\Users\\User\\web-projects\\AltSchool-Assignment-I\\src\\routes\\books.js": {"path":"C:\\Users\\User\\web-projects\\AltSchool-Assignment-I\\src\\routes\\books.js","statementMap":{"0":{"start":{"line":1,"column":16},"end":{"line":1,"column":34}},"1":{"start":{"line":2,"column":19},"end":{"line":2,"column":35}},"2":{"start":{"line":5,"column":0},"end":{"line":7,"column":3}},"3":{"start":{"line":6,"column":4},"end":{"line":6,"column":27}},"4":{"start":{"line":10,"column":0},"end":{"line":12,"column":3}},"5":{"start":{"line":11,"column":4},"end":{"line":11,"column":29}},"6":{"start":{"line":15,"column":0},"end":{"line":17,"column":3}},"7":{"start":{"line":16,"column":4},"end":{"line":16,"column":30}},"8":{"start":{"line":20,"column":0},"end":{"line":22,"column":3}},"9":{"start":{"line":21,"column":4},"end":{"line":21,"column":30}},"10":{"start":{"line":25,"column":0},"end":{"line":27,"column":3}},"11":{"start":{"line":26,"column":4},"end":{"line":26,"column":28}},"12":{"start":{"line":29,"column":0},"end":{"line":31,"column":3}},"13":{"start":{"line":30,"column":4},"end":{"line":30,"column":28}},"14":{"start":{"line":36,"column":0},"end":{"line":36,"column":28}}},"fnMap":{"0":{"name":"(anonymous_0)","decl":{"start":{"line":5,"column":20},"end":{"line":5,"column":21}},"loc":{"start":{"line":5,"column":34},"end":{"line":7,"column":1}},"line":5},"1":{"name":"(anonymous_1)","decl":{"start":{"line":10,"column":27},"end":{"line":10,"column":28}},"loc":{"start":{"line":10,"column":41},"end":{"line":12,"column":1}},"line":10},"2":{"name":"(anonymous_2)","decl":{"start":{"line":15,"column":29},"end":{"line":15,"column":30}},"loc":{"start":{"line":15,"column":43},"end":{"line":17,"column":1}},"line":15},"3":{"name":"(anonymous_3)","decl":{"start":{"line":20,"column":29},"end":{"line":20,"column":30}},"loc":{"start":{"line":20,"column":43},"end":{"line":22,"column":1}},"line":20},"4":{"name":"(anonymous_4)","decl":{"start":{"line":25,"column":27},"end":{"line":25,"column":28}},"loc":{"start":{"line":25,"column":41},"end":{"line":27,"column":1}},"line":25},"5":{"name":"(anonymous_5)","decl":{"start":{"line":29,"column":26},"end":{"line":29,"column":27}},"loc":{"start":{"line":29,"column":40},"end":{"line":31,"column":1}},"line":29}},"branchMap":{},"s":{"0":1,"1":1,"2":1,"3":0,"4":1,"5":0,"6":1,"7":0,"8":1,"9":0,"10":1,"11":0,"12":1,"13":0,"14":1},"f":{"0":0,"1":0,"2":0,"3":0,"4":0,"5":0},"b":{},"_coverageSchema":"1a1c01bbd47fc00a2c39e90264f33305004495a9","hash":"385dde5eb6625df7cb334c10d7046ca542310bda"}
,"C:\\Users\\User\\web-projects\\AltSchool-Assignment-I\\src\\routes\\users.js": {"path":"C:\\Users\\User\\web-projects\\AltSchool-Assignment-I\\src\\routes\\users.js","statementMap":{"0":{"start":{"line":1,"column":16},"end":{"line":1,"column":34}},"1":{"start":{"line":2,"column":12},"end":{"line":2,"column":29}},"2":{"start":{"line":3,"column":51},"end":{"line":3,"column":74}},"3":{"start":{"line":4,"column":17},"end":{"line":4,"column":35}},"4":{"start":{"line":5,"column":19},"end":{"line":5,"column":41}},"5":{"start":{"line":6,"column":21},"end":{"line":6,"column":38}},"6":{"start":{"line":11,"column":19},"end":{"line":11,"column":35}},"7":{"start":{"line":16,"column":0},"end":{"line":16,"column":31}},"8":{"start":{"line":21,"column":20},"end":{"line":21,"column":102}},"9":{"start":{"line":24,"column":0},"end":{"line":26,"column":3}},"10":{"start":{"line":25,"column":4},"end":{"line":25,"column":27}},"11":{"start":{"line":30,"column":0},"end":{"line":71,"column":3}},"12":{"start":{"line":31,"column":17},"end":{"line":31,"column":25}},"13":{"start":{"line":33,"column":18},"end":{"line":33,"column":53}},"14":{"start":{"line":34,"column":21},"end":{"line":34,"column":38}},"15":{"start":{"line":35,"column":25},"end":{"line":35,"column":30}},"16":{"start":{"line":37,"column":22},"end":{"line":37,"column":88}},"17":{"start":{"line":37,"column":51},"end":{"line":37,"column":87}},"18":{"start":{"line":39,"column":4},"end":{"line":47,"column":5}},"19":{"start":{"line":40,"column":8},"end":{"line":40,"column":46}},"20":{"start":{"line":41,"column":11},"end":{"line":47,"column":5}},"21":{"start":{"line":42,"column":8},"end":{"line":42,"column":46}},"22":{"start":{"line":43,"column":11},"end":{"line":47,"column":5}},"23":{"start":{"line":44,"column":8},"end":{"line":44,"column":57}},"24":{"start":{"line":46,"column":8},"end":{"line":46,"column":30}},"25":{"start":{"line":50,"column":4},"end":{"line":69,"column":5}},"26":{"start":{"line":52,"column":8},"end":{"line":64,"column":9}},"27":{"start":{"line":53,"column":12},"end":{"line":53,"column":28}},"28":{"start":{"line":54,"column":12},"end":{"line":54,"column":23}},"29":{"start":{"line":55,"column":12},"end":{"line":55,"column":29}},"30":{"start":{"line":56,"column":12},"end":{"line":56,"column":34}},"31":{"start":{"line":57,"column":12},"end":{"line":57,"column":65}},"32":{"start":{"line":60,"column":12},"end":{"line":60,"column":62}},"33":{"start":{"line":61,"column":12},"end":{"line":61,"column":29}},"34":{"start":{"line":62,"column":12},"end":{"line":62,"column":34}},"35":{"start":{"line":63,"column":12},"end":{"line":63,"column":65}},"36":{"start":{"line":65,"column":8},"end":{"line":65,"column":43}},"37":{"start":{"line":66,"column":8},"end":{"line":66,"column":29}},"38":{"start":{"line":68,"column":8},"end":{"line":68,"column":29}},"39":{"start":{"line":70,"column":4},"end":{"line":70,"column":26}},"40":{"start":{"line":74,"column":0},"end":{"line":76,"column":3}},"41":{"start":{"line":75,"column":4},"end":{"line":75,"column":34}},"42":{"start":{"line":80,"column":0},"end":{"line":113,"column":3}},"43":{"start":{"line":81,"column":25},"end":{"line":81,"column":33}},"44":{"start":{"line":83,"column":4},"end":{"line":88,"column":5}},"45":{"start":{"line":84,"column":8},"end":{"line":84,"column":53}},"46":{"start":{"line":85,"column":8},"end":{"line":85,"column":29}},"47":{"start":{"line":86,"column":8},"end":{"line":86,"column":31}},"48":{"start":{"line":87,"column":8},"end":{"line":87,"column":15}},"49":{"start":{"line":89,"column":18},"end":{"line":89,"column":53}},"50":{"start":{"line":90,"column":23},"end":{"line":90,"column":40}},"51":{"start":{"line":91,"column":22},"end":{"line":91,"column":86}},"52":{"start":{"line":91,"column":46},"end":{"line":91,"column":85}},"53":{"start":{"line":92,"column":4},"end":{"line":97,"column":5}},"54":{"start":{"line":93,"column":8},"end":{"line":93,"column":56}},"55":{"start":{"line":94,"column":8},"end":{"line":94,"column":29}},"56":{"start":{"line":95,"column":8},"end":{"line":95,"column":31}},"57":{"start":{"line":96,"column":8},"end":{"line":96,"column":15}},"58":{"start":{"line":99,"column":4},"end":{"line":104,"column":5}},"59":{"start":{"line":100,"column":8},"end":{"line":100,"column":47}},"60":{"start":{"line":101,"column":8},"end":{"line":101,"column":29}},"61":{"start":{"line":102,"column":8},"end":{"line":102,"column":31}},"62":{"start":{"line":103,"column":8},"end":{"line":103,"column":15}},"63":{"start":{"line":106,"column":4},"end":{"line":112,"column":5}},"64":{"start":{"line":107,"column":8},"end":{"line":107,"column":15}},"65":{"start":{"line":109,"column":8},"end":{"line":109,"column":66}},"66":{"start":{"line":110,"column":8},"end":{"line":110,"column":29}},"67":{"start":{"line":111,"column":8},"end":{"line":111,"column":30}},"68":{"start":{"line":115,"column":0},"end":{"line":121,"column":2}},"69":{"start":{"line":116,"column":22},"end":{"line":116,"column":57}},"70":{"start":{"line":117,"column":26},"end":{"line":117,"column":43}},"71":{"start":{"line":119,"column":7},"end":{"line":119,"column":28}},"72":{"start":{"line":125,"column":0},"end":{"line":125,"column":28}}},"fnMap":{"0":{"name":"(anonymous_0)","decl":{"start":{"line":24,"column":20},"end":{"line":24,"column":21}},"loc":{"start":{"line":24,"column":34},"end":{"line":26,"column":1}},"line":24},"1":{"name":"(anonymous_1)","decl":{"start":{"line":30,"column":27},"end":{"line":30,"column":28}},"loc":{"start":{"line":30,"column":47},"end":{"line":71,"column":1}},"line":30},"2":{"name":"(anonymous_2)","decl":{"start":{"line":37,"column":38},"end":{"line":37,"column":39}},"loc":{"start":{"line":37,"column":51},"end":{"line":37,"column":87}},"line":37},"3":{"name":"(anonymous_3)","decl":{"start":{"line":74,"column":37},"end":{"line":74,"column":38}},"loc":{"start":{"line":74,"column":51},"end":{"line":76,"column":1}},"line":74},"4":{"name":"(anonymous_4)","decl":{"start":{"line":80,"column":15},"end":{"line":80,"column":16}},"loc":{"start":{"line":80,"column":41},"end":{"line":113,"column":1}},"line":80},"5":{"name":"(anonymous_5)","decl":{"start":{"line":91,"column":38},"end":{"line":91,"column":39}},"loc":{"start":{"line":91,"column":46},"end":{"line":91,"column":85}},"line":91},"6":{"name":"(anonymous_6)","decl":{"start":{"line":115,"column":31},"end":{"line":115,"column":32}},"loc":{"start":{"line":115,"column":51},"end":{"line":120,"column":5}},"line":115}},"branchMap":{"0":{"loc":{"start":{"line":39,"column":4},"end":{"line":47,"column":5}},"type":"if","locations":[{"start":{"line":39,"column":4},"end":{"line":47,"column":5}},{"start":{"line":41,"column":11},"end":{"line":47,"column":5}}],"line":39},"1":{"loc":{"start":{"line":41,"column":11},"end":{"line":47,"column":5}},"type":"if","locations":[{"start":{"line":41,"column":11},"end":{"line":47,"column":5}},{"start":{"line":43,"column":11},"end":{"line":47,"column":5}}],"line":41},"2":{"loc":{"start":{"line":43,"column":11},"end":{"line":47,"column":5}},"type":"if","locations":[{"start":{"line":43,"column":11},"end":{"line":47,"column":5}},{"start":{"line":45,"column":11},"end":{"line":47,"column":5}}],"line":43},"3":{"loc":{"start":{"line":50,"column":4},"end":{"line":69,"column":5}},"type":"if","locations":[{"start":{"line":50,"column":4},"end":{"line":69,"column":5}},{"start":{"line":67,"column":11},"end":{"line":69,"column":5}}],"line":50},"4":{"loc":{"start":{"line":52,"column":8},"end":{"line":64,"column":9}},"type":"if","locations":[{"start":{"line":52,"column":8},"end":{"line":64,"column":9}},{"start":{"line":58,"column":15},"end":{"line":64,"column":9}}],"line":52},"5":{"loc":{"start":{"line":83,"column":4},"end":{"line":88,"column":5}},"type":"if","locations":[{"start":{"line":83,"column":4},"end":{"line":88,"column":5}},{"start":{},"end":{}}],"line":83},"6":{"loc":{"start":{"line":83,"column":8},"end":{"line":83,"column":82}},"type":"binary-expr","locations":[{"start":{"line":83,"column":8},"end":{"line":83,"column":43}},{"start":{"line":83,"column":47},"end":{"line":83,"column":82}}],"line":83},"7":{"loc":{"start":{"line":92,"column":4},"end":{"line":97,"column":5}},"type":"if","locations":[{"start":{"line":92,"column":4},"end":{"line":97,"column":5}},{"start":{},"end":{}}],"line":92},"8":{"loc":{"start":{"line":99,"column":4},"end":{"line":104,"column":5}},"type":"if","locations":[{"start":{"line":99,"column":4},"end":{"line":104,"column":5}},{"start":{},"end":{}}],"line":99},"9":{"loc":{"start":{"line":106,"column":4},"end":{"line":112,"column":5}},"type":"if","locations":[{"start":{"line":106,"column":4},"end":{"line":112,"column":5}},{"start":{"line":108,"column":11},"end":{"line":112,"column":5}}],"line":106}},"s":{"0":1,"1":1,"2":1,"3":1,"4":1,"5":1,"6":1,"7":1,"8":1,"9":1,"10":0,"11":1,"12":3,"13":3,"14":3,"15":3,"16":3,"17":26,"18":3,"19":1,"20":2,"21":1,"22":1,"23":1,"24":0,"25":3,"26":0,"27":0,"28":0,"29":0,"30":0,"31":0,"32":0,"33":0,"34":0,"35":0,"36":0,"37":0,"38":3,"39":3,"40":1,"41":0,"42":1,"43":5,"44":5,"45":1,"46":1,"47":1,"48":1,"49":4,"50":4,"51":4,"52":13,"53":4,"54":1,"55":1,"56":1,"57":1,"58":3,"59":1,"60":1,"61":1,"62":1,"63":2,"64":1,"65":1,"66":1,"67":1,"68":1,"69":1,"70":1,"71":1,"72":1},"f":{"0":0,"1":3,"2":26,"3":0,"4":5,"5":13,"6":1},"b":{"0":[1,2],"1":[1,1],"2":[1,0],"3":[0,3],"4":[0,0],"5":[1,4],"6":[5,4],"7":[1,3],"8":[1,2],"9":[1,1]},"_coverageSchema":"1a1c01bbd47fc00a2c39e90264f33305004495a9","hash":"dfd751d636039afe03e5a0bff25681f2e3edb7b9"}
}
