{"C:\\Users\\User\\web-projects\\AltSchool-Assignment-I\\src\\app.js": {"path":"C:\\Users\\User\\web-projects\\AltSchool-Assignment-I\\src\\app.js","statementMap":{"0":{"start":{"line":1,"column":16},"end":{"line":1,"column":34}},"1":{"start":{"line":2,"column":12},"end":{"line":2,"column":21}},"2":{"start":{"line":3,"column":19},"end":{"line":3,"column":44}},"3":{"start":{"line":4,"column":19},"end":{"line":4,"column":44}},"4":{"start":{"line":10,"column":0},"end":{"line":10,"column":30}},"5":{"start":{"line":11,"column":0},"end":{"line":11,"column":30}},"6":{"start":{"line":13,"column":0},"end":{"line":15,"column":3}},"7":{"start":{"line":14,"column":4},"end":{"line":14,"column":26}},"8":{"start":{"line":18,"column":0},"end":{"line":20,"column":3}},"9":{"start":{"line":19,"column":4},"end":{"line":19,"column":31}},"10":{"start":{"line":26,"column":13},"end":{"line":26,"column":37}},"11":{"start":{"line":27,"column":0},"end":{"line":27,"column":112}},"12":{"start":{"line":27,"column":23},"end":{"line":27,"column":110}},"13":{"start":{"line":30,"column":0},"end":{"line":30,"column":21}}},"fnMap":{"0":{"name":"(anonymous_0)","decl":{"start":{"line":13,"column":13},"end":{"line":13,"column":14}},"loc":{"start":{"line":13,"column":27},"end":{"line":15,"column":1}},"line":13},"1":{"name":"(anonymous_1)","decl":{"start":{"line":18,"column":13},"end":{"line":18,"column":14}},"loc":{"start":{"line":18,"column":27},"end":{"line":20,"column":1}},"line":18},"2":{"name":"(anonymous_2)","decl":{"start":{"line":27,"column":17},"end":{"line":27,"column":18}},"loc":{"start":{"line":27,"column":23},"end":{"line":27,"column":110}},"line":27}},"branchMap":{"0":{"loc":{"start":{"line":26,"column":13},"end":{"line":26,"column":37}},"type":"binary-expr","locations":[{"start":{"line":26,"column":13},"end":{"line":26,"column":29}},{"start":{"line":26,"column":33},"end":{"line":26,"column":37}}],"line":26}},"s":{"0":1,"1":1,"2":1,"3":1,"4":1,"5":1,"6":1,"7":0,"8":1,"9":0,"10":1,"11":1,"12":1,"13":1},"f":{"0":0,"1":0,"2":1},"b":{"0":[1,1]},"_coverageSchema":"1a1c01bbd47fc00a2c39e90264f33305004495a9","hash":"fce0a9a704409683bc9c6f8825402d1757050460"}
,"C:\\Users\\User\\web-projects\\AltSchool-Assignment-I\\src\\authentication.js": {"path":"C:\\Users\\User\\web-projects\\AltSchool-Assignment-I\\src\\authentication.js","statementMap":{"0":{"start":{"line":2,"column":28},"end":{"line":2,"column":50}},"1":{"start":{"line":11,"column":25},"end":{"line":11,"column":33}},"2":{"start":{"line":12,"column":4},"end":{"line":16,"column":5}},"3":{"start":{"line":13,"column":8},"end":{"line":13,"column":28}},"4":{"start":{"line":14,"column":8},"end":{"line":14,"column":73}},"5":{"start":{"line":15,"column":8},"end":{"line":15,"column":15}},"6":{"start":{"line":17,"column":18},"end":{"line":17,"column":53}},"7":{"start":{"line":18,"column":23},"end":{"line":18,"column":40}},"8":{"start":{"line":19,"column":22},"end":{"line":23,"column":6}},"9":{"start":{"line":20,"column":8},"end":{"line":22,"column":9}},"10":{"start":{"line":21,"column":12},"end":{"line":21,"column":24}},"11":{"start":{"line":25,"column":4},"end":{"line":29,"column":5}},"12":{"start":{"line":26,"column":8},"end":{"line":26,"column":28}},"13":{"start":{"line":27,"column":8},"end":{"line":27,"column":67}},"14":{"start":{"line":28,"column":8},"end":{"line":28,"column":15}},"15":{"start":{"line":31,"column":4},"end":{"line":38,"column":5}},"16":{"start":{"line":32,"column":8},"end":{"line":32,"column":28}},"17":{"start":{"line":33,"column":8},"end":{"line":33,"column":65}},"18":{"start":{"line":34,"column":8},"end":{"line":34,"column":15}},"19":{"start":{"line":36,"column":8},"end":{"line":36,"column":38}},"20":{"start":{"line":37,"column":8},"end":{"line":37,"column":20}},"21":{"start":{"line":43,"column":4},"end":{"line":49,"column":5}},"22":{"start":{"line":44,"column":8},"end":{"line":44,"column":20}},"23":{"start":{"line":46,"column":8},"end":{"line":46,"column":28}},"24":{"start":{"line":47,"column":8},"end":{"line":47,"column":89}},"25":{"start":{"line":48,"column":8},"end":{"line":48,"column":15}},"26":{"start":{"line":55,"column":0},"end":{"line":58,"column":1}}},"fnMap":{"0":{"name":"passwordAuthentication","decl":{"start":{"line":10,"column":15},"end":{"line":10,"column":37}},"loc":{"start":{"line":10,"column":61},"end":{"line":39,"column":1}},"line":10},"1":{"name":"(anonymous_1)","decl":{"start":{"line":19,"column":38},"end":{"line":19,"column":39}},"loc":{"start":{"line":19,"column":46},"end":{"line":23,"column":5}},"line":19},"2":{"name":"adminAuthorization","decl":{"start":{"line":42,"column":15},"end":{"line":42,"column":33}},"loc":{"start":{"line":42,"column":64},"end":{"line":50,"column":1}},"line":42}},"branchMap":{"0":{"loc":{"start":{"line":12,"column":4},"end":{"line":16,"column":5}},"type":"if","locations":[{"start":{"line":12,"column":4},"end":{"line":16,"column":5}},{"start":{},"end":{}}],"line":12},"1":{"loc":{"start":{"line":12,"column":8},"end":{"line":12,"column":120}},"type":"binary-expr","locations":[{"start":{"line":12,"column":9},"end":{"line":12,"column":44}},{"start":{"line":12,"column":48},"end":{"line":12,"column":80}},{"start":{"line":12,"column":85},"end":{"line":12,"column":120}}],"line":12},"2":{"loc":{"start":{"line":20,"column":8},"end":{"line":22,"column":9}},"type":"if","locations":[{"start":{"line":20,"column":8},"end":{"line":22,"column":9}},{"start":{},"end":{}}],"line":20},"3":{"loc":{"start":{"line":20,"column":12},"end":{"line":20,"column":88}},"type":"binary-expr","locations":[{"start":{"line":20,"column":12},"end":{"line":20,"column":51}},{"start":{"line":20,"column":55},"end":{"line":20,"column":88}}],"line":20},"4":{"loc":{"start":{"line":25,"column":4},"end":{"line":29,"column":5}},"type":"if","locations":[{"start":{"line":25,"column":4},"end":{"line":29,"column":5}},{"start":{},"end":{}}],"line":25},"5":{"loc":{"start":{"line":31,"column":4},"end":{"line":38,"column":5}},"type":"if","locations":[{"start":{"line":31,"column":4},"end":{"line":38,"column":5}},{"start":{"line":35,"column":11},"end":{"line":38,"column":5}}],"line":31},"6":{"loc":{"start":{"line":43,"column":4},"end":{"line":49,"column":5}},"type":"if","locations":[{"start":{"line":43,"column":4},"end":{"line":49,"column":5}},{"start":{"line":45,"column":11},"end":{"line":49,"column":5}}],"line":43}},"s":{"0":1,"1":9,"2":9,"3":2,"4":2,"5":2,"6":7,"7":7,"8":7,"9":23,"10":5,"11":7,"12":2,"13":2,"14":2,"15":5,"16":2,"17":2,"18":2,"19":3,"20":3,"21":2,"22":1,"23":1,"24":1,"25":1,"26":1},"f":{"0":9,"1":23,"2":2},"b":{"0":[2,7],"1":[9,2,7],"2":[5,18],"3":[23,18],"4":[2,5],"5":[2,3],"6":[1,1]},"_coverageSchema":"1a1c01bbd47fc00a2c39e90264f33305004495a9","hash":"fab0360ce774d6f470bc72c255165d9488060a14"}
,"C:\\Users\\User\\web-projects\\AltSchool-Assignment-I\\src\\utilities.js": {"path":"C:\\Users\\User\\web-projects\\AltSchool-Assignment-I\\src\\utilities.js","statementMap":{"0":{"start":{"line":1,"column":13},"end":{"line":1,"column":28}},"1":{"start":{"line":2,"column":11},"end":{"line":2,"column":24}},"2":{"start":{"line":8,"column":4},"end":{"line":15,"column":7}},"3":{"start":{"line":9,"column":8},"end":{"line":14,"column":11}},"4":{"start":{"line":10,"column":12},"end":{"line":12,"column":13}},"5":{"start":{"line":11,"column":16},"end":{"line":11,"column":35}},"6":{"start":{"line":13,"column":12},"end":{"line":13,"column":26}},"7":{"start":{"line":21,"column":4},"end":{"line":25,"column":7}},"8":{"start":{"line":22,"column":8},"end":{"line":24,"column":9}},"9":{"start":{"line":23,"column":12},"end":{"line":23,"column":31}},"10":{"start":{"line":30,"column":19},"end":{"line":30,"column":32}},"11":{"start":{"line":32,"column":4},"end":{"line":36,"column":5}},"12":{"start":{"line":33,"column":8},"end":{"line":35,"column":9}},"13":{"start":{"line":34,"column":12},"end":{"line":34,"column":65}},"14":{"start":{"line":38,"column":4},"end":{"line":40,"column":5}},"15":{"start":{"line":39,"column":8},"end":{"line":39,"column":44}},"16":{"start":{"line":41,"column":4},"end":{"line":41,"column":20}},"17":{"start":{"line":47,"column":0},"end":{"line":51,"column":1}}},"fnMap":{"0":{"name":"returnAllRecords","decl":{"start":{"line":7,"column":9},"end":{"line":7,"column":25}},"loc":{"start":{"line":7,"column":39},"end":{"line":16,"column":1}},"line":7},"1":{"name":"(anonymous_1)","decl":{"start":{"line":8,"column":23},"end":{"line":8,"column":24}},"loc":{"start":{"line":8,"column":44},"end":{"line":15,"column":5}},"line":8},"2":{"name":"(anonymous_2)","decl":{"start":{"line":9,"column":41},"end":{"line":9,"column":42}},"loc":{"start":{"line":9,"column":58},"end":{"line":14,"column":9}},"line":9},"3":{"name":"writeToFile","decl":{"start":{"line":20,"column":9},"end":{"line":20,"column":20}},"loc":{"start":{"line":20,"column":40},"end":{"line":26,"column":1}},"line":20},"4":{"name":"(anonymous_4)","decl":{"start":{"line":21,"column":36},"end":{"line":21,"column":37}},"loc":{"start":{"line":21,"column":47},"end":{"line":25,"column":5}},"line":21},"5":{"name":"getPath","decl":{"start":{"line":29,"column":9},"end":{"line":29,"column":16}},"loc":{"start":{"line":29,"column":51},"end":{"line":42,"column":1}},"line":29}},"branchMap":{"0":{"loc":{"start":{"line":10,"column":12},"end":{"line":12,"column":13}},"type":"if","locations":[{"start":{"line":10,"column":12},"end":{"line":12,"column":13}},{"start":{},"end":{}}],"line":10},"1":{"loc":{"start":{"line":22,"column":8},"end":{"line":24,"column":9}},"type":"if","locations":[{"start":{"line":22,"column":8},"end":{"line":24,"column":9}},{"start":{},"end":{}}],"line":22},"2":{"loc":{"start":{"line":32,"column":4},"end":{"line":36,"column":5}},"type":"if","locations":[{"start":{"line":32,"column":4},"end":{"line":36,"column":5}},{"start":{},"end":{}}],"line":32}},"s":{"0":1,"1":1,"2":13,"3":13,"4":13,"5":0,"6":13,"7":0,"8":0,"9":0,"10":2,"11":2,"12":2,"13":3,"14":2,"15":7,"16":2,"17":1},"f":{"0":13,"1":13,"2":13,"3":0,"4":0,"5":2},"b":{"0":[0,13],"1":[0,0],"2":[2,0]},"_coverageSchema":"1a1c01bbd47fc00a2c39e90264f33305004495a9","hash":"29122fdb6ee255ee02fd76a90aef8a7696d4c6b8"}
,"C:\\Users\\User\\web-projects\\AltSchool-Assignment-I\\src\\routes\\books.js": {"path":"C:\\Users\\User\\web-projects\\AltSchool-Assignment-I\\src\\routes\\books.js","statementMap":{"0":{"start":{"line":1,"column":16},"end":{"line":1,"column":34}},"1":{"start":{"line":2,"column":19},"end":{"line":2,"column":35}},"2":{"start":{"line":5,"column":0},"end":{"line":7,"column":3}},"3":{"start":{"line":6,"column":4},"end":{"line":6,"column":27}},"4":{"start":{"line":10,"column":0},"end":{"line":12,"column":3}},"5":{"start":{"line":11,"column":4},"end":{"line":11,"column":29}},"6":{"start":{"line":15,"column":0},"end":{"line":17,"column":3}},"7":{"start":{"line":16,"column":4},"end":{"line":16,"column":30}},"8":{"start":{"line":20,"column":0},"end":{"line":22,"column":3}},"9":{"start":{"line":21,"column":4},"end":{"line":21,"column":30}},"10":{"start":{"line":25,"column":0},"end":{"line":27,"column":3}},"11":{"start":{"line":26,"column":4},"end":{"line":26,"column":28}},"12":{"start":{"line":29,"column":0},"end":{"line":31,"column":3}},"13":{"start":{"line":30,"column":4},"end":{"line":30,"column":28}},"14":{"start":{"line":36,"column":0},"end":{"line":36,"column":28}}},"fnMap":{"0":{"name":"(anonymous_0)","decl":{"start":{"line":5,"column":20},"end":{"line":5,"column":21}},"loc":{"start":{"line":5,"column":34},"end":{"line":7,"column":1}},"line":5},"1":{"name":"(anonymous_1)","decl":{"start":{"line":10,"column":27},"end":{"line":10,"column":28}},"loc":{"start":{"line":10,"column":41},"end":{"line":12,"column":1}},"line":10},"2":{"name":"(anonymous_2)","decl":{"start":{"line":15,"column":29},"end":{"line":15,"column":30}},"loc":{"start":{"line":15,"column":43},"end":{"line":17,"column":1}},"line":15},"3":{"name":"(anonymous_3)","decl":{"start":{"line":20,"column":29},"end":{"line":20,"column":30}},"loc":{"start":{"line":20,"column":43},"end":{"line":22,"column":1}},"line":20},"4":{"name":"(anonymous_4)","decl":{"start":{"line":25,"column":27},"end":{"line":25,"column":28}},"loc":{"start":{"line":25,"column":41},"end":{"line":27,"column":1}},"line":25},"5":{"name":"(anonymous_5)","decl":{"start":{"line":29,"column":26},"end":{"line":29,"column":27}},"loc":{"start":{"line":29,"column":40},"end":{"line":31,"column":1}},"line":29}},"branchMap":{},"s":{"0":1,"1":1,"2":1,"3":0,"4":1,"5":0,"6":1,"7":0,"8":1,"9":0,"10":1,"11":0,"12":1,"13":0,"14":1},"f":{"0":0,"1":0,"2":0,"3":0,"4":0,"5":0},"b":{},"_coverageSchema":"1a1c01bbd47fc00a2c39e90264f33305004495a9","hash":"385dde5eb6625df7cb334c10d7046ca542310bda"}
,"C:\\Users\\User\\web-projects\\AltSchool-Assignment-I\\src\\routes\\users.js": {"path":"C:\\Users\\User\\web-projects\\AltSchool-Assignment-I\\src\\routes\\users.js","statementMap":{"0":{"start":{"line":1,"column":16},"end":{"line":1,"column":34}},"1":{"start":{"line":2,"column":12},"end":{"line":2,"column":29}},"2":{"start":{"line":3,"column":51},"end":{"line":3,"column":74}},"3":{"start":{"line":4,"column":55},"end":{"line":4,"column":83}},"4":{"start":{"line":5,"column":19},"end":{"line":5,"column":41}},"5":{"start":{"line":10,"column":19},"end":{"line":10,"column":35}},"6":{"start":{"line":15,"column":0},"end":{"line":15,"column":31}},"7":{"start":{"line":20,"column":20},"end":{"line":20,"column":102}},"8":{"start":{"line":23,"column":0},"end":{"line":25,"column":3}},"9":{"start":{"line":24,"column":4},"end":{"line":24,"column":27}},"10":{"start":{"line":29,"column":0},"end":{"line":100,"column":2}},"11":{"start":{"line":32,"column":23},"end":{"line":32,"column":31}},"12":{"start":{"line":33,"column":8},"end":{"line":45,"column":9}},"13":{"start":{"line":34,"column":12},"end":{"line":34,"column":54}},"14":{"start":{"line":35,"column":15},"end":{"line":45,"column":9}},"15":{"start":{"line":36,"column":12},"end":{"line":36,"column":53}},"16":{"start":{"line":37,"column":15},"end":{"line":45,"column":9}},"17":{"start":{"line":38,"column":12},"end":{"line":38,"column":50}},"18":{"start":{"line":39,"column":15},"end":{"line":45,"column":9}},"19":{"start":{"line":40,"column":12},"end":{"line":40,"column":50}},"20":{"start":{"line":41,"column":15},"end":{"line":45,"column":9}},"21":{"start":{"line":42,"column":12},"end":{"line":42,"column":50}},"22":{"start":{"line":43,"column":15},"end":{"line":45,"column":9}},"23":{"start":{"line":44,"column":12},"end":{"line":44,"column":47}},"24":{"start":{"line":48,"column":8},"end":{"line":48,"column":40}},"25":{"start":{"line":49,"column":8},"end":{"line":54,"column":9}},"26":{"start":{"line":50,"column":12},"end":{"line":50,"column":33}},"27":{"start":{"line":51,"column":12},"end":{"line":51,"column":40}},"28":{"start":{"line":53,"column":12},"end":{"line":53,"column":19}},"29":{"start":{"line":58,"column":22},"end":{"line":58,"column":57}},"30":{"start":{"line":59,"column":25},"end":{"line":59,"column":33}},"31":{"start":{"line":62,"column":8},"end":{"line":64,"column":9}},"32":{"start":{"line":63,"column":12},"end":{"line":63,"column":19}},"33":{"start":{"line":66,"column":27},"end":{"line":66,"column":44}},"34":{"start":{"line":67,"column":26},"end":{"line":67,"column":96}},"35":{"start":{"line":67,"column":55},"end":{"line":67,"column":95}},"36":{"start":{"line":68,"column":8},"end":{"line":75,"column":9}},"37":{"start":{"line":69,"column":12},"end":{"line":69,"column":61}},"38":{"start":{"line":70,"column":12},"end":{"line":70,"column":44}},"39":{"start":{"line":71,"column":12},"end":{"line":71,"column":33}},"40":{"start":{"line":72,"column":12},"end":{"line":72,"column":40}},"41":{"start":{"line":74,"column":12},"end":{"line":74,"column":19}},"42":{"start":{"line":78,"column":22},"end":{"line":78,"column":57}},"43":{"start":{"line":81,"column":25},"end":{"line":81,"column":33}},"44":{"start":{"line":82,"column":8},"end":{"line":95,"column":9}},"45":{"start":{"line":84,"column":12},"end":{"line":84,"column":28}},"46":{"start":{"line":85,"column":12},"end":{"line":85,"column":23}},"47":{"start":{"line":86,"column":12},"end":{"line":86,"column":33}},"48":{"start":{"line":87,"column":12},"end":{"line":87,"column":38}},"49":{"start":{"line":88,"column":12},"end":{"line":88,"column":65}},"50":{"start":{"line":90,"column":12},"end":{"line":90,"column":43}},"51":{"start":{"line":91,"column":12},"end":{"line":91,"column":62}},"52":{"start":{"line":92,"column":12},"end":{"line":92,"column":33}},"53":{"start":{"line":93,"column":12},"end":{"line":93,"column":38}},"54":{"start":{"line":94,"column":12},"end":{"line":94,"column":65}},"55":{"start":{"line":96,"column":8},"end":{"line":96,"column":73}},"56":{"start":{"line":97,"column":8},"end":{"line":97,"column":29}},"57":{"start":{"line":98,"column":8},"end":{"line":98,"column":30}},"58":{"start":{"line":104,"column":0},"end":{"line":134,"column":3}},"59":{"start":{"line":106,"column":8},"end":{"line":117,"column":9}},"60":{"start":{"line":107,"column":42},"end":{"line":107,"column":93}},"61":{"start":{"line":108,"column":12},"end":{"line":113,"column":13}},"62":{"start":{"line":109,"column":16},"end":{"line":109,"column":47}},"63":{"start":{"line":110,"column":16},"end":{"line":110,"column":43}},"64":{"start":{"line":112,"column":16},"end":{"line":112,"column":23}},"65":{"start":{"line":115,"column":12},"end":{"line":115,"column":36}},"66":{"start":{"line":116,"column":12},"end":{"line":116,"column":24}},"67":{"start":{"line":120,"column":8},"end":{"line":133,"column":9}},"68":{"start":{"line":121,"column":26},"end":{"line":121,"column":61}},"69":{"start":{"line":122,"column":31},"end":{"line":122,"column":48}},"70":{"start":{"line":123,"column":30},"end":{"line":127,"column":14}},"71":{"start":{"line":124,"column":16},"end":{"line":126,"column":17}},"72":{"start":{"line":125,"column":20},"end":{"line":125,"column":32}},"73":{"start":{"line":128,"column":12},"end":{"line":128,"column":33}},"74":{"start":{"line":129,"column":12},"end":{"line":129,"column":73}},"75":{"start":{"line":131,"column":12},"end":{"line":131,"column":37}},"76":{"start":{"line":132,"column":12},"end":{"line":132,"column":24}},"77":{"start":{"line":138,"column":0},"end":{"line":162,"column":2}},"78":{"start":{"line":140,"column":38},"end":{"line":140,"column":89}},"79":{"start":{"line":141,"column":8},"end":{"line":146,"column":9}},"80":{"start":{"line":142,"column":12},"end":{"line":142,"column":43}},"81":{"start":{"line":143,"column":12},"end":{"line":143,"column":39}},"82":{"start":{"line":145,"column":12},"end":{"line":145,"column":19}},"83":{"start":{"line":149,"column":32},"end":{"line":149,"column":90}},"84":{"start":{"line":150,"column":8},"end":{"line":155,"column":9}},"85":{"start":{"line":151,"column":12},"end":{"line":151,"column":43}},"86":{"start":{"line":152,"column":12},"end":{"line":152,"column":39}},"87":{"start":{"line":154,"column":12},"end":{"line":154,"column":19}},"88":{"start":{"line":158,"column":22},"end":{"line":158,"column":57}},"89":{"start":{"line":159,"column":26},"end":{"line":159,"column":43}},"90":{"start":{"line":160,"column":7},"end":{"line":160,"column":28}},"91":{"start":{"line":166,"column":0},"end":{"line":170,"column":3}},"92":{"start":{"line":167,"column":4},"end":{"line":169,"column":5}},"93":{"start":{"line":168,"column":8},"end":{"line":168,"column":70}},"94":{"start":{"line":177,"column":0},"end":{"line":177,"column":28}}},"fnMap":{"0":{"name":"(anonymous_0)","decl":{"start":{"line":23,"column":20},"end":{"line":23,"column":21}},"loc":{"start":{"line":23,"column":34},"end":{"line":25,"column":1}},"line":23},"1":{"name":"(anonymous_1)","decl":{"start":{"line":30,"column":4},"end":{"line":30,"column":5}},"loc":{"start":{"line":30,"column":24},"end":{"line":55,"column":5}},"line":30},"2":{"name":"(anonymous_2)","decl":{"start":{"line":56,"column":4},"end":{"line":56,"column":5}},"loc":{"start":{"line":56,"column":30},"end":{"line":76,"column":5}},"line":56},"3":{"name":"(anonymous_3)","decl":{"start":{"line":67,"column":42},"end":{"line":67,"column":43}},"loc":{"start":{"line":67,"column":55},"end":{"line":67,"column":95}},"line":67},"4":{"name":"(anonymous_4)","decl":{"start":{"line":77,"column":4},"end":{"line":77,"column":5}},"loc":{"start":{"line":77,"column":24},"end":{"line":99,"column":5}},"line":77},"5":{"name":"(anonymous_5)","decl":{"start":{"line":105,"column":4},"end":{"line":105,"column":5}},"loc":{"start":{"line":105,"column":30},"end":{"line":118,"column":5}},"line":105},"6":{"name":"(anonymous_6)","decl":{"start":{"line":119,"column":4},"end":{"line":119,"column":5}},"loc":{"start":{"line":119,"column":30},"end":{"line":134,"column":1}},"line":119},"7":{"name":"(anonymous_7)","decl":{"start":{"line":123,"column":46},"end":{"line":123,"column":47}},"loc":{"start":{"line":123,"column":54},"end":{"line":127,"column":13}},"line":123},"8":{"name":"(anonymous_8)","decl":{"start":{"line":139,"column":4},"end":{"line":139,"column":5}},"loc":{"start":{"line":139,"column":30},"end":{"line":147,"column":5}},"line":139},"9":{"name":"(anonymous_9)","decl":{"start":{"line":148,"column":4},"end":{"line":148,"column":5}},"loc":{"start":{"line":148,"column":30},"end":{"line":156,"column":5}},"line":148},"10":{"name":"(anonymous_10)","decl":{"start":{"line":157,"column":4},"end":{"line":157,"column":5}},"loc":{"start":{"line":157,"column":24},"end":{"line":161,"column":5}},"line":157},"11":{"name":"(anonymous_11)","decl":{"start":{"line":166,"column":15},"end":{"line":166,"column":16}},"loc":{"start":{"line":166,"column":42},"end":{"line":170,"column":1}},"line":166}},"branchMap":{"0":{"loc":{"start":{"line":33,"column":8},"end":{"line":45,"column":9}},"type":"if","locations":[{"start":{"line":33,"column":8},"end":{"line":45,"column":9}},{"start":{"line":35,"column":15},"end":{"line":45,"column":9}}],"line":33},"1":{"loc":{"start":{"line":35,"column":15},"end":{"line":45,"column":9}},"type":"if","locations":[{"start":{"line":35,"column":15},"end":{"line":45,"column":9}},{"start":{"line":37,"column":15},"end":{"line":45,"column":9}}],"line":35},"2":{"loc":{"start":{"line":37,"column":15},"end":{"line":45,"column":9}},"type":"if","locations":[{"start":{"line":37,"column":15},"end":{"line":45,"column":9}},{"start":{"line":39,"column":15},"end":{"line":45,"column":9}}],"line":37},"3":{"loc":{"start":{"line":39,"column":15},"end":{"line":45,"column":9}},"type":"if","locations":[{"start":{"line":39,"column":15},"end":{"line":45,"column":9}},{"start":{"line":41,"column":15},"end":{"line":45,"column":9}}],"line":39},"4":{"loc":{"start":{"line":41,"column":15},"end":{"line":45,"column":9}},"type":"if","locations":[{"start":{"line":41,"column":15},"end":{"line":45,"column":9}},{"start":{"line":43,"column":15},"end":{"line":45,"column":9}}],"line":41},"5":{"loc":{"start":{"line":43,"column":15},"end":{"line":45,"column":9}},"type":"if","locations":[{"start":{"line":43,"column":15},"end":{"line":45,"column":9}},{"start":{},"end":{}}],"line":43},"6":{"loc":{"start":{"line":49,"column":8},"end":{"line":54,"column":9}},"type":"if","locations":[{"start":{"line":49,"column":8},"end":{"line":54,"column":9}},{"start":{"line":52,"column":15},"end":{"line":54,"column":9}}],"line":49},"7":{"loc":{"start":{"line":49,"column":12},"end":{"line":49,"column":80}},"type":"binary-expr","locations":[{"start":{"line":49,"column":12},"end":{"line":49,"column":37}},{"start":{"line":49,"column":41},"end":{"line":49,"column":80}}],"line":49},"8":{"loc":{"start":{"line":62,"column":8},"end":{"line":64,"column":9}},"type":"if","locations":[{"start":{"line":62,"column":8},"end":{"line":64,"column":9}},{"start":{},"end":{}}],"line":62},"9":{"loc":{"start":{"line":68,"column":8},"end":{"line":75,"column":9}},"type":"if","locations":[{"start":{"line":68,"column":8},"end":{"line":75,"column":9}},{"start":{"line":73,"column":15},"end":{"line":75,"column":9}}],"line":68},"10":{"loc":{"start":{"line":82,"column":8},"end":{"line":95,"column":9}},"type":"if","locations":[{"start":{"line":82,"column":8},"end":{"line":95,"column":9}},{"start":{"line":89,"column":15},"end":{"line":95,"column":9}}],"line":82},"11":{"loc":{"start":{"line":108,"column":12},"end":{"line":113,"column":13}},"type":"if","locations":[{"start":{"line":108,"column":12},"end":{"line":113,"column":13}},{"start":{"line":111,"column":19},"end":{"line":113,"column":13}}],"line":108},"12":{"loc":{"start":{"line":124,"column":16},"end":{"line":126,"column":17}},"type":"if","locations":[{"start":{"line":124,"column":16},"end":{"line":126,"column":17}},{"start":{},"end":{}}],"line":124},"13":{"loc":{"start":{"line":124,"column":20},"end":{"line":124,"column":88}},"type":"binary-expr","locations":[{"start":{"line":124,"column":20},"end":{"line":124,"column":55}},{"start":{"line":124,"column":59},"end":{"line":124,"column":88}}],"line":124},"14":{"loc":{"start":{"line":141,"column":8},"end":{"line":146,"column":9}},"type":"if","locations":[{"start":{"line":141,"column":8},"end":{"line":146,"column":9}},{"start":{"line":144,"column":15},"end":{"line":146,"column":9}}],"line":141},"15":{"loc":{"start":{"line":150,"column":8},"end":{"line":155,"column":9}},"type":"if","locations":[{"start":{"line":150,"column":8},"end":{"line":155,"column":9}},{"start":{"line":153,"column":15},"end":{"line":155,"column":9}}],"line":150},"16":{"loc":{"start":{"line":167,"column":4},"end":{"line":169,"column":5}},"type":"if","locations":[{"start":{"line":167,"column":4},"end":{"line":169,"column":5}},{"start":{},"end":{}}],"line":167}},"s":{"0":1,"1":1,"2":1,"3":1,"4":1,"5":1,"6":1,"7":1,"8":1,"9":0,"10":1,"11":7,"12":7,"13":1,"14":6,"15":1,"16":5,"17":1,"18":4,"19":1,"20":3,"21":1,"22":2,"23":1,"24":7,"25":7,"26":6,"27":6,"28":1,"29":1,"30":1,"31":1,"32":0,"33":1,"34":1,"35":1,"36":1,"37":1,"38":1,"39":1,"40":1,"41":0,"42":0,"43":0,"44":0,"45":0,"46":0,"47":0,"48":0,"49":0,"50":0,"51":0,"52":0,"53":0,"54":0,"55":0,"56":0,"57":0,"58":1,"59":4,"60":4,"61":4,"62":3,"63":3,"64":1,"65":0,"66":0,"67":1,"68":1,"69":1,"70":1,"71":1,"72":1,"73":1,"74":1,"75":0,"76":0,"77":1,"78":5,"79":5,"80":3,"81":3,"82":2,"83":2,"84":2,"85":1,"86":1,"87":1,"88":1,"89":1,"90":1,"91":1,"92":0,"93":0,"94":1},"f":{"0":0,"1":7,"2":1,"3":1,"4":0,"5":4,"6":1,"7":1,"8":5,"9":2,"10":1,"11":0},"b":{"0":[1,6],"1":[1,5],"2":[1,4],"3":[1,3],"4":[1,2],"5":[1,1],"6":[6,1],"7":[7,6],"8":[0,1],"9":[1,0],"10":[0,0],"11":[3,1],"12":[1,0],"13":[1,0],"14":[3,2],"15":[1,1],"16":[0,0]},"_coverageSchema":"1a1c01bbd47fc00a2c39e90264f33305004495a9","hash":"f3919739d2a3038ff722f692973b549e91aed977"}
}
