TN:
SF:src\app.js
FN:13,(anonymous_0)
FN:18,(anonymous_1)
FN:27,(anonymous_2)
FNF:3
FNH:1
FNDA:0,(anonymous_0)
FNDA:0,(anonymous_1)
FNDA:1,(anonymous_2)
DA:1,1
DA:2,1
DA:3,1
DA:4,1
DA:10,1
DA:11,1
DA:13,1
DA:14,0
DA:18,1
DA:19,0
DA:26,1
DA:27,1
DA:30,1
LF:13
LH:11
BRDA:26,0,0,1
BRDA:26,0,1,1
BRF:2
BRH:2
end_of_record
TN:
SF:src\utilities.js
FN:7,returnAllRecords
FN:8,(anonymous_1)
FN:9,(anonymous_2)
FN:20,writeToFile
FN:21,(anonymous_4)
FN:29,getPath
FNF:6
FNH:6
FNDA:4,returnAllRecords
FNDA:4,(anonymous_1)
FNDA:4,(anonymous_2)
FNDA:1,writeToFile
FNDA:1,(anonymous_4)
FNDA:2,getPath
DA:1,1
DA:2,1
DA:8,4
DA:9,4
DA:10,4
DA:11,0
DA:13,4
DA:21,1
DA:22,1
DA:23,0
DA:30,2
DA:32,2
DA:33,2
DA:34,2
DA:38,2
DA:39,5
DA:41,2
DA:47,1
LF:18
LH:16
BRDA:10,0,0,0
BRDA:10,0,1,4
BRDA:22,1,0,0
BRDA:22,1,1,1
BRDA:32,2,0,2
BRDA:32,2,1,0
BRF:6
BRH:3
end_of_record
TN:
SF:src\routes\books.js
FN:5,(anonymous_0)
FN:10,(anonymous_1)
FN:15,(anonymous_2)
FN:20,(anonymous_3)
FN:25,(anonymous_4)
FN:29,(anonymous_5)
FNF:6
FNH:0
FNDA:0,(anonymous_0)
FNDA:0,(anonymous_1)
FNDA:0,(anonymous_2)
FNDA:0,(anonymous_3)
FNDA:0,(anonymous_4)
FNDA:0,(anonymous_5)
DA:1,1
DA:2,1
DA:5,1
DA:6,0
DA:10,1
DA:11,0
DA:15,1
DA:16,0
DA:20,1
DA:21,0
DA:25,1
DA:26,0
DA:29,1
DA:30,0
DA:36,1
LF:15
LH:9
BRF:0
BRH:0
end_of_record
TN:
SF:src\routes\users.js
FN:20,(anonymous_0)
FN:26,(anonymous_1)
FN:33,(anonymous_2)
FN:70,(anonymous_3)
FN:75,(anonymous_4)
FNF:5
FNH:2
FNDA:0,(anonymous_0)
FNDA:4,(anonymous_1)
FNDA:25,(anonymous_2)
FNDA:0,(anonymous_3)
FNDA:0,(anonymous_4)
DA:1,1
DA:2,1
DA:3,1
DA:4,1
DA:8,1
DA:13,1
DA:17,1
DA:20,1
DA:21,0
DA:26,1
DA:27,4
DA:29,4
DA:30,4
DA:31,4
DA:33,25
DA:35,4
DA:36,1
DA:37,3
DA:38,1
DA:39,2
DA:40,1
DA:42,1
DA:46,4
DA:48,1
DA:49,0
DA:50,0
DA:51,0
DA:52,0
DA:53,0
DA:56,1
DA:57,1
DA:58,1
DA:59,1
DA:61,1
DA:62,1
DA:64,3
DA:66,4
DA:70,1
DA:71,0
DA:75,1
DA:76,0
DA:81,1
LF:42
LH:34
BRDA:35,0,0,1
BRDA:35,0,1,3
BRDA:37,1,0,1
BRDA:37,1,1,2
BRDA:39,2,0,1
BRDA:39,2,1,1
BRDA:46,3,0,1
BRDA:46,3,1,3
BRDA:48,4,0,0
BRDA:48,4,1,1
BRF:10
BRH:9
end_of_record
