TN:
SF:src\app.js
FN:13,(anonymous_0)
FN:18,(anonymous_1)
FN:27,(anonymous_2)
FNF:3
FNH:1
FNDA:0,(anonymous_0)
FNDA:0,(anonymous_1)
FNDA:1,(anonymous_2)
DA:1,1
DA:2,1
DA:3,1
DA:4,1
DA:10,1
DA:11,1
DA:13,1
DA:14,0
DA:18,1
DA:19,0
DA:26,1
DA:27,1
DA:30,1
LF:13
LH:11
BRDA:26,0,0,1
BRDA:26,0,1,1
BRF:2
BRH:2
end_of_record
TN:
SF:src\auth.js
FN:10,auth
FN:19,(anonymous_1)
FNF:2
FNH:0
FNDA:0,auth
FNDA:0,(anonymous_1)
DA:2,1
DA:7,1
DA:11,0
DA:13,0
DA:14,0
DA:15,0
DA:17,0
DA:18,0
DA:19,0
DA:20,0
DA:21,0
DA:24,0
DA:25,0
DA:28,0
DA:29,0
DA:30,0
DA:38,1
LF:17
LH:3
BRDA:14,0,0,0
BRDA:14,0,1,0
BRDA:20,1,0,0
BRDA:20,1,1,0
BRDA:24,2,0,0
BRDA:24,2,1,0
BRDA:28,3,0,0
BRDA:28,3,1,0
BRF:8
BRH:0
end_of_record
TN:
SF:src\utilities.js
FN:7,returnAllRecords
FN:8,(anonymous_1)
FN:9,(anonymous_2)
FN:20,writeToFile
FN:21,(anonymous_4)
FN:29,getPath
FNF:6
FNH:4
FNDA:10,returnAllRecords
FNDA:10,(anonymous_1)
FNDA:10,(anonymous_2)
FNDA:0,writeToFile
FNDA:0,(anonymous_4)
FNDA:3,getPath
DA:1,1
DA:2,1
DA:8,10
DA:9,10
DA:10,10
DA:11,0
DA:13,10
DA:21,0
DA:22,0
DA:23,0
DA:30,3
DA:32,3
DA:33,3
DA:34,4
DA:38,3
DA:39,11
DA:41,3
DA:47,1
LF:18
LH:14
BRDA:10,0,0,0
BRDA:10,0,1,10
BRDA:22,1,0,0
BRDA:22,1,1,0
BRDA:32,2,0,3
BRDA:32,2,1,0
BRF:6
BRH:2
end_of_record
TN:
SF:src\routes\books.js
FN:5,(anonymous_0)
FN:10,(anonymous_1)
FN:15,(anonymous_2)
FN:20,(anonymous_3)
FN:25,(anonymous_4)
FN:29,(anonymous_5)
FNF:6
FNH:0
FNDA:0,(anonymous_0)
FNDA:0,(anonymous_1)
FNDA:0,(anonymous_2)
FNDA:0,(anonymous_3)
FNDA:0,(anonymous_4)
FNDA:0,(anonymous_5)
DA:1,1
DA:2,1
DA:5,1
DA:6,0
DA:10,1
DA:11,0
DA:15,1
DA:16,0
DA:20,1
DA:21,0
DA:25,1
DA:26,0
DA:29,1
DA:30,0
DA:36,1
LF:15
LH:9
BRF:0
BRH:0
end_of_record
TN:
SF:src\routes\users.js
FN:24,(anonymous_0)
FN:30,(anonymous_1)
FN:37,(anonymous_2)
FN:74,(anonymous_3)
FN:80,(anonymous_4)
FN:91,(anonymous_5)
FN:115,(anonymous_6)
FNF:7
FNH:5
FNDA:0,(anonymous_0)
FNDA:3,(anonymous_1)
FNDA:26,(anonymous_2)
FNDA:0,(anonymous_3)
FNDA:5,(anonymous_4)
FNDA:13,(anonymous_5)
FNDA:1,(anonymous_6)
DA:1,1
DA:2,1
DA:3,1
DA:4,1
DA:5,1
DA:6,1
DA:11,1
DA:16,1
DA:21,1
DA:24,1
DA:25,0
DA:30,1
DA:31,3
DA:33,3
DA:34,3
DA:35,3
DA:37,26
DA:39,3
DA:40,1
DA:41,2
DA:42,1
DA:43,1
DA:44,1
DA:46,0
DA:50,3
DA:52,0
DA:53,0
DA:54,0
DA:55,0
DA:56,0
DA:57,0
DA:60,0
DA:61,0
DA:62,0
DA:63,0
DA:65,0
DA:66,0
DA:68,3
DA:70,3
DA:74,1
DA:75,0
DA:80,1
DA:81,5
DA:83,5
DA:84,1
DA:85,1
DA:86,1
DA:87,1
DA:89,4
DA:90,4
DA:91,13
DA:92,4
DA:93,1
DA:94,1
DA:95,1
DA:96,1
DA:99,3
DA:100,1
DA:101,1
DA:102,1
DA:103,1
DA:106,2
DA:107,1
DA:109,1
DA:110,1
DA:111,1
DA:115,1
DA:116,1
DA:117,1
DA:119,1
DA:125,1
LF:71
LH:56
BRDA:39,0,0,1
BRDA:39,0,1,2
BRDA:41,1,0,1
BRDA:41,1,1,1
BRDA:43,2,0,1
BRDA:43,2,1,0
BRDA:50,3,0,0
BRDA:50,3,1,3
BRDA:52,4,0,0
BRDA:52,4,1,0
BRDA:83,5,0,1
BRDA:83,5,1,4
BRDA:83,6,0,5
BRDA:83,6,1,4
BRDA:92,7,0,1
BRDA:92,7,1,3
BRDA:99,8,0,1
BRDA:99,8,1,2
BRDA:106,9,0,1
BRDA:106,9,1,1
BRF:20
BRH:16
end_of_record
